<?xml version="1.0" encoding="UTF-8"?>
<!-- Generated by org.testng.reporters.JUnitReportReporter -->
<testsuite skipped="0" hostname="qainfotech-Latitude-3490" name="com.qait.actions.GetAllEmployeeData" tests="1" failures="0" timestamp="2020-04-20T13:03:48 IST" time="3.280" errors="0">
  <testcase name="getEmployeeData" time="3.280" classname="com.qait.actions.GetAllEmployeeData"/>
  <system-out/>
</testsuite> <!-- com.qait.actions.GetAllEmployeeData -->
