<?xml version="1.0" encoding="UTF-8"?>
<!-- Generated by org.testng.reporters.JUnitReportReporter -->
<testsuite skipped="0" hostname="qainfotech-Latitude-3490" name="com.qait.actions.CreateEmployee" tests="1" failures="0" timestamp="2020-03-31T13:36:21 IST" time="3.183" errors="0">
  <testcase name="createEmployee" time="3.183" classname="com.qait.actions.CreateEmployee"/>
  <system-out/>
</testsuite> <!-- com.qait.actions.CreateEmployee -->
