<?xml version="1.0" encoding="UTF-8"?>
<!-- Generated by org.testng.reporters.JUnitReportReporter -->
<testsuite skipped="0" hostname="qainfotech-Latitude-3490" name="com.qait.utility.BaseClass" tests="1" failures="0" timestamp="2020-04-20T13:08:15 IST" time="8.721" errors="0">
  <testcase name="base" time="8.721" classname="com.qait.utility.BaseClass"/>
  <system-out/>
</testsuite> <!-- com.qait.utility.BaseClass -->
