<?xml version="1.0" encoding="UTF-8"?>
<!-- Generated by org.testng.reporters.JUnitReportReporter -->
<testsuite skipped="0" hostname="qainfotech-Latitude-3490" name="com.qait.actions.UpdateEmployeeData" tests="1" failures="0" timestamp="2020-04-19T21:33:36 IST" time="4.345" errors="0">
  <testcase name="updateEmployeeDetails" time="4.345" classname="com.qait.actions.UpdateEmployeeData"/>
  <system-out/>
</testsuite> <!-- com.qait.actions.UpdateEmployeeData -->
