<?xml version="1.0" encoding="UTF-8"?>
<!-- Generated by org.testng.reporters.JUnitReportReporter -->
<testsuite skipped="0" hostname="qainfotech-Latitude-3490" name="com.qait.actions.GetAllEmployeeData" tests="1" failures="0" timestamp="2020-03-30T17:46:45 IST" time="10.813" errors="0">
  <testcase name="getEmployeeData" time="10.813" classname="com.qait.actions.GetAllEmployeeData"/>
  <system-out/>
</testsuite> <!-- com.qait.actions.GetAllEmployeeData -->
