<?xml version="1.0" encoding="UTF-8"?>
<!-- Generated by org.testng.reporters.JUnitReportReporter -->
<testsuite skipped="0" hostname="qainfotech-Latitude-3490" name="com.qait.actions.GetSpecificEmployeeData" tests="1" failures="0" timestamp="2020-04-20T13:06:30 IST" time="4.027" errors="0">
  <testcase name="get" time="4.027" classname="com.qait.actions.GetSpecificEmployeeData"/>
  <system-out/>
</testsuite> <!-- com.qait.actions.GetSpecificEmployeeData -->
