<?xml version="1.0" encoding="UTF-8"?>
<!-- Generated by org.testng.reporters.JUnitReportReporter -->
<testsuite skipped="0" hostname="qainfotech-Latitude-3490" name="com.qait.actions.DeleteEmployee" tests="1" failures="0" timestamp="2020-04-20T13:11:05 IST" time="3.287" errors="0">
  <testcase name="delete" time="3.287" classname="com.qait.actions.DeleteEmployee"/>
  <system-out/>
</testsuite> <!-- com.qait.actions.DeleteEmployee -->
